#
# A fatal error has been detected by the Java Runtime Environment:
#
#  SIGSEGV (0xb) at pc=0x000000010b3b01e2, pid=22285, tid=5891
#
# JRE version: 7.0_25-b15
# Java VM: Java HotSpot(TM) 64-Bit Server VM (23.25-b01 mixed mode bsd-amd64 compressed oops)
# Problematic frame:
# J  org.boon.core.reflection.fields.UnsafeField.getValue(Ljava/lang/Object;)Ljava/lang/Object;
#
# Failed to write core dump. Core dumps have been disabled. To enable core dumping, try "ulimit -c unlimited" before starting Java again
#
# If you would like to submit a bug report, please visit:
#   http://bugreport.sun.com/bugreport/crash.jsp
#

---------------  T H R E A D  ---------------

Current thread (0x00007f9b42800800):  JavaThread "main" [_thread_in_Java, id=5891, stack(0x000000010b123000,0x000000010b223000)]

siginfo:si_signo=SIGSEGV: si_errno=0, si_code=1 (SEGV_MAPERR), si_addr=0x000000000000001c

Registers:
RAX=0x000000010e8ecab0, RBX=0x000000010e8ecab0, RCX=0x00000001446b77b8, RDX=0x0000000000000000
RSP=0x000000010b220a50, RBP=0x000000010b220ae0, RSI=0x00000001446b77b8, RDI=0x00007f9b42800800
R8 =0x0000000021d1e813, R9 =0x0000000000000010, R10=0x000000000000001c, R11=0x000000010b3b0020
R12=0x0000000000000000, R13=0x000000010b220a90, R14=0x000000010b220b28, R15=0x00007f9b42800800
RIP=0x000000010b3b01e2, EFLAGS=0x0000000000010246, ERR=0x0000000000000004
  TRAPNO=0x000000000000000e

Top of Stack: (sp=0x000000010b220a50)
0x000000010b220a50:   000000010e56d108 0000000000000000
0x000000010b220a60:   000000010e56bfd8 0000000000000000
0x000000010b220a70:   000000010b220ae0 000000010b2fe9e1
0x000000010b220a80:   000000010b2fe9e1 000000010b2fe9e1
0x000000010b220a90:   0000000000000000 00000001446b77b8
0x000000010b220aa0:   000000010b220aa0 000000010e9f1bc5
0x000000010b220ab0:   000000010b220b28 000000010e9f1fe8
0x000000010b220ac0:   0000000000000000 000000010e9f1cd0
0x000000010b220ad0:   000000010b220a90 000000010b220b18
0x000000010b220ae0:   000000010b220b70 000000010b2fe2d4
0x000000010b220af0:   0000000000000000 0000000000000000
0x000000010b220b00:   00000001446b77b8 0000000000000000
0x000000010b220b10:   0000000000000000 0000000000000000
0x000000010b220b20:   0000000000000000 0000000143c69900
0x000000010b220b30:   000000010b220b30 000000010e9f1bef
0x000000010b220b40:   000000010b220bb8 000000010e9f1fe8
0x000000010b220b50:   0000000000000000 000000010e9f1cd0
0x000000010b220b60:   000000010b220b18 000000010b220ba8
0x000000010b220b70:   000000010b220c00 000000010b2fe2d4
0x000000010b220b80:   0000000000000000 0000000000000000
0x000000010b220b90:   00000001446b77b8 0000000000000000
0x000000010b220ba0:   0000000000000000 00000001420155a8
0x000000010b220bb0:   00000001427fb260 0000000143c69900
0x000000010b220bc0:   000000010b220bc0 000000010e9f1bef
0x000000010b220bd0:   000000010b220c48 000000010e9f1fe8
0x000000010b220be0:   0000000000000000 000000010e9f1cd0
0x000000010b220bf0:   000000010b220ba8 000000010b220c38
0x000000010b220c00:   000000010b220c90 000000010b2fe982
0x000000010b220c10:   0000000000000000 0000000000000000
0x000000010b220c20:   00000001446b77b8 00000001420155a8
0x000000010b220c30:   00000001427fb260 00000001420156e8
0x000000010b220c40:   00000001427fb3a0 0000000143c69900 

Instructions: (pc=0x000000010b3b01e2)
0x000000010b3b01c2:   0f 84 f9 00 00 00 41 81 fa 15 50 8a 28 0f 84 08
0x000000010b3b01d2:   01 00 00 41 81 f8 13 e8 d1 21 75 47 4c 8b 56 10
0x000000010b3b01e2:   46 8b 14 12 49 8b c2 48 c1 e0 03 48 83 c4 20 5d
0x000000010b3b01f2:   85 05 08 1e eb ff c3 48 be e0 7f 47 0e 01 00 00 

Register to memory mapping:

RAX=0x000000010e8ecab0 is an oop
{method} 
 - klass: {other class}
RBX=0x000000010e8ecab0 is an oop
{method} 
 - klass: {other class}
RCX=0x00000001446b77b8 is an oop
org.boon.core.reflection.fields.UnsafeField$ObjectUnsafeField 
 - klass: 'org/boon/core/reflection/fields/UnsafeField$ObjectUnsafeField'
RDX=0x0000000000000000 is an unknown value
RSP=0x000000010b220a50 is pointing into the stack for thread: 0x00007f9b42800800
RBP=0x000000010b220ae0 is pointing into the stack for thread: 0x00007f9b42800800
RSI=0x00000001446b77b8 is an oop
org.boon.core.reflection.fields.UnsafeField$ObjectUnsafeField 
 - klass: 'org/boon/core/reflection/fields/UnsafeField$ObjectUnsafeField'
RDI=0x00007f9b42800800 is a thread
R8 =0x0000000021d1e813 is an unknown value
R9 =0x0000000000000010 is an unknown value
R10=0x000000000000001c is an unknown value
R11=0x000000010b3afe50 [CodeBlob (0x000000010b3afe50)]
Framesize: 6
R12=0x0000000000000000 is an unknown value
R13=0x000000010b220a90 is pointing into the stack for thread: 0x00007f9b42800800
R14=0x000000010b220b28 is pointing into the stack for thread: 0x00007f9b42800800
R15=0x00007f9b42800800 is a thread


Stack: [0x000000010b123000,0x000000010b223000],  sp=0x000000010b220a50,  free space=1014k
Native frames: (J=compiled Java code, j=interpreted, Vv=VM code, C=native code)
J  org.boon.core.reflection.fields.UnsafeField.getValue(Ljava/lang/Object;)Ljava/lang/Object;
j  org.boon.Comparators$2.compare(Ljava/lang/Object;Ljava/lang/Object;)I+223
j  org.boon.Comparators$2.compare(Ljava/lang/Object;Ljava/lang/Object;)I+223
j  java.util.TimSort.countRunAndMakeAscending([Ljava/lang/Object;IILjava/util/Comparator;)I+43
j  java.util.TimSort.sort([Ljava/lang/Object;IILjava/util/Comparator;)V+80
j  java.util.TimSort.sort([Ljava/lang/Object;Ljava/util/Comparator;)V+5
j  java.util.Arrays.sort([Ljava/lang/Object;Ljava/util/Comparator;)V+16
j  java.util.Collections.sort(Ljava/util/List;Ljava/util/Comparator;)V+9
j  org.datarepo.query.Sort.sort(Ljava/util/List;)V+37
j  org.datarepo.impl.SearchableCollectionDefault.sortedQuery(Lorg/datarepo/query/Sort;[Lorg/datarepo/query/Query;)Ljava/util/List;+8
j  org.datarepo.impl.SearchableCollectionDefault.sortedQuery(Ljava/lang/String;[Lorg/datarepo/query/Query;)Ljava/util/List;+8
j  org.datarepo.Collections.sortedQuery(Ljava/util/List;Ljava/lang/String;[Lorg/datarepo/query/Query;)Ljava/util/List;+18
j  org.datarepo.tests.MoreTests.testBetweenSalary_OR_FirstNameEQ_FIRST_TERM_NOT_FOUND_BIG_LIST()V+55
v  ~StubRoutines::call_stub
V  [libjvm.dylib+0x28a5c3]
V  [libjvm.dylib+0x28a390]
V  [libjvm.dylib+0x3f9c06]
V  [libjvm.dylib+0x3fa06e]
V  [libjvm.dylib+0x2bece5]
j  sun.reflect.NativeMethodAccessorImpl.invoke0(Ljava/lang/reflect/Method;Ljava/lang/Object;[Ljava/lang/Object;)Ljava/lang/Object;+0
j  sun.reflect.NativeMethodAccessorImpl.invoke(Ljava/lang/Object;[Ljava/lang/Object;)Ljava/lang/Object;+87
j  sun.reflect.DelegatingMethodAccessorImpl.invoke(Ljava/lang/Object;[Ljava/lang/Object;)Ljava/lang/Object;+6
j  java.lang.reflect.Method.invoke(Ljava/lang/Object;[Ljava/lang/Object;)Ljava/lang/Object;+57
j  org.junit.runners.model.FrameworkMethod$1.runReflectiveCall()Ljava/lang/Object;+15
j  org.junit.internal.runners.model.ReflectiveCallable.run()Ljava/lang/Object;+1
j  org.junit.runners.model.FrameworkMethod.invokeExplosively(Ljava/lang/Object;[Ljava/lang/Object;)Ljava/lang/Object;+10
j  org.junit.internal.runners.statements.InvokeMethod.evaluate()V+12
j  org.junit.internal.runners.statements.RunBefores.evaluate()V+49
j  org.junit.runners.ParentRunner.runLeaf(Lorg/junit/runners/model/Statement;Lorg/junit/runner/Description;Lorg/junit/runner/notification/RunNotifier;)V+17
j  org.junit.runners.BlockJUnit4ClassRunner.runChild(Lorg/junit/runners/model/FrameworkMethod;Lorg/junit/runner/notification/RunNotifier;)V+32
j  org.junit.runners.BlockJUnit4ClassRunner.runChild(Ljava/lang/Object;Lorg/junit/runner/notification/RunNotifier;)V+6
j  org.junit.runners.ParentRunner$3.run()V+12
j  org.junit.runners.ParentRunner$1.schedule(Ljava/lang/Runnable;)V+1
j  org.junit.runners.ParentRunner.runChildren(Lorg/junit/runner/notification/RunNotifier;)V+40
j  org.junit.runners.ParentRunner.access$000(Lorg/junit/runners/ParentRunner;Lorg/junit/runner/notification/RunNotifier;)V+2
j  org.junit.runners.ParentRunner$2.evaluate()V+8
j  org.junit.runners.ParentRunner.run(Lorg/junit/runner/notification/RunNotifier;)V+20
j  org.junit.runners.Suite.runChild(Lorg/junit/runner/Runner;Lorg/junit/runner/notification/RunNotifier;)V+2
j  org.junit.runners.Suite.runChild(Ljava/lang/Object;Lorg/junit/runner/notification/RunNotifier;)V+6
j  org.junit.runners.ParentRunner$3.run()V+12
j  org.junit.runners.ParentRunner$1.schedule(Ljava/lang/Runnable;)V+1
j  org.junit.runners.ParentRunner.runChildren(Lorg/junit/runner/notification/RunNotifier;)V+40
j  org.junit.runners.ParentRunner.access$000(Lorg/junit/runners/ParentRunner;Lorg/junit/runner/notification/RunNotifier;)V+2
j  org.junit.runners.ParentRunner$2.evaluate()V+8
j  org.junit.runners.ParentRunner.run(Lorg/junit/runner/notification/RunNotifier;)V+20
j  org.junit.runner.JUnitCore.run(Lorg/junit/runner/Runner;)Lorg/junit/runner/Result;+37
j  com.intellij.junit4.JUnit4IdeaTestRunner.startRunnerWithArgs([Ljava/lang/String;Ljava/util/ArrayList;Z)I+178
j  com.intellij.rt.execution.junit.JUnitStarter.prepareStreamsAndStart([Ljava/lang/String;ZLjava/util/ArrayList;Lcom/intellij/rt/execution/junit/segments/SegmentedOutputStream;Lcom/intellij/rt/execution/junit/segments/SegmentedOutputStream;)I+97
j  com.intellij.rt.execution.junit.JUnitStarter.main([Ljava/lang/String;)V+133
v  ~StubRoutines::call_stub
V  [libjvm.dylib+0x28a5c3]
V  [libjvm.dylib+0x28a390]
V  [libjvm.dylib+0x3f9c06]
V  [libjvm.dylib+0x3fa06e]
V  [libjvm.dylib+0x2bece5]
j  sun.reflect.NativeMethodAccessorImpl.invoke0(Ljava/lang/reflect/Method;Ljava/lang/Object;[Ljava/lang/Object;)Ljava/lang/Object;+0
j  sun.reflect.NativeMethodAccessorImpl.invoke(Ljava/lang/Object;[Ljava/lang/Object;)Ljava/lang/Object;+87
j  sun.reflect.DelegatingMethodAccessorImpl.invoke(Ljava/lang/Object;[Ljava/lang/Object;)Ljava/lang/Object;+6
j  java.lang.reflect.Method.invoke(Ljava/lang/Object;[Ljava/lang/Object;)Ljava/lang/Object;+57
j  com.intellij.rt.execution.application.AppMain.main([Ljava/lang/String;)V+140
v  ~StubRoutines::call_stub
V  [libjvm.dylib+0x28a5c3]
V  [libjvm.dylib+0x28a390]
V  [libjvm.dylib+0x2a5e70]
V  [libjvm.dylib+0x29f1c8]
C  [java+0x317e]  JavaMain+0x91d
C  [libsystem_c.dylib+0x14772]  _pthread_start+0x147
C  [libsystem_c.dylib+0x11a1]  thread_start+0xd


---------------  P R O C E S S  ---------------

Java Threads: ( => current thread )
  0x00007f9b430a9000 JavaThread "Monitor Ctrl-Break" daemon [_thread_in_native, id=21763, stack(0x000000015f712000,0x000000015f812000)]
  0x00007f9b4305b000 JavaThread "Service Thread" daemon [_thread_blocked, id=21251, stack(0x000000015f4c1000,0x000000015f5c1000)]
  0x00007f9b4305a000 JavaThread "C2 CompilerThread1" daemon [_thread_blocked, id=20995, stack(0x000000015f3be000,0x000000015f4be000)]
  0x00007f9b43058800 JavaThread "C2 CompilerThread0" daemon [_thread_blocked, id=20739, stack(0x000000015f2bb000,0x000000015f3bb000)]
  0x00007f9b43057800 JavaThread "Signal Dispatcher" daemon [_thread_blocked, id=20483, stack(0x000000015f1b8000,0x000000015f2b8000)]
  0x00007f9b4304a800 JavaThread "Finalizer" daemon [_thread_blocked, id=16131, stack(0x000000015ef69000,0x000000015f069000)]
  0x00007f9b43049800 JavaThread "Reference Handler" daemon [_thread_blocked, id=15875, stack(0x000000015ee66000,0x000000015ef66000)]
=>0x00007f9b42800800 JavaThread "main" [_thread_in_Java, id=5891, stack(0x000000010b123000,0x000000010b223000)]

Other Threads:
  0x00007f9b43047000 VMThread [stack: 0x000000015ed63000,0x000000015ee63000] [id=15619]
  0x00007f9b43057000 WatcherThread [stack: 0x000000015f5c4000,0x000000015f6c4000] [id=21507]

VM state:not at safepoint (normal execution)

VM Mutex/Monitor currently owned by a thread: None

Heap
 PSYoungGen      total 38784K, used 33435K [0x0000000141f30000, 0x00000001447f0000, 0x00000001593d0000)
  eden space 35840K, 85% used [0x0000000141f30000,0x0000000143cfef68,0x0000000144230000)
  from space 2944K, 98% used [0x0000000144510000,0x00000001447e8020,0x00000001447f0000)
  to   space 2944K, 0% used [0x0000000144230000,0x0000000144230000,0x0000000144510000)
 ParOldGen       total 47680K, used 4449K [0x00000001135d0000, 0x0000000116460000, 0x0000000141f30000)
  object space 47680K, 9% used [0x00000001135d0000,0x0000000113a287b0,0x0000000116460000)
 PSPermGen       total 21248K, used 6341K [0x000000010e3d0000, 0x000000010f890000, 0x00000001135d0000)
  object space 21248K, 29% used [0x000000010e3d0000,0x000000010ea01768,0x000000010f890000)

Card table byte_map: [0x00000001593d0000,0x0000000159629000] byte_map_base: 0x0000000158b5e180

Polling page: 0x000000010b262000

Code Cache  [0x000000010b2f8000, 0x000000010b568000, 0x000000010e2f8000)
 total_blobs=415 nmethods=171 adapters=196 free_code_cache=48375Kb largest_free_block=49505472

Compilation events (10 events):
Event: 0.917 Thread 0x00007f9b4305a000 nmethod 166 0x000000010b3add10 code [0x000000010b3ade40, 0x000000010b3ade98]
Event: 0.917 Thread 0x00007f9b4305a000  168             java.lang.Long::equals (30 bytes)
Event: 0.917 Thread 0x00007f9b43058800 nmethod 167 0x000000010b3adb10 code [0x000000010b3adc40, 0x000000010b3adc98]
Event: 0.918 Thread 0x00007f9b4305a000 nmethod 168 0x000000010b3ad810 code [0x000000010b3ad960, 0x000000010b3ada18]
Event: 0.919 Thread 0x00007f9b43058800  169             java.util.concurrent.ConcurrentHashMap::put (79 bytes)
Event: 0.922 Thread 0x00007f9b43058800 nmethod 169 0x000000010b3be410 code [0x000000010b3be580, 0x000000010b3be7e8]
Event: 0.941 Thread 0x00007f9b4305a000  170             java.util.Date::getTime (5 bytes)
Event: 0.941 Thread 0x00007f9b43058800  171             java.util.Date::getTimeImpl (27 bytes)
Event: 0.941 Thread 0x00007f9b4305a000 nmethod 170 0x000000010b3ae690 code [0x000000010b3ae7c0, 0x000000010b3ae838]
Event: 0.941 Thread 0x00007f9b43058800 nmethod 171 0x000000010b3be1d0 code [0x000000010b3be300, 0x000000010b3be378]

GC Heap History (4 events):
Event: 0.566 GC heap before
{Heap before GC invocations=1 (full 0):
 PSYoungGen      total 20864K, used 17920K [0x0000000141f30000, 0x0000000143670000, 0x00000001593d0000)
  eden space 17920K, 100% used [0x0000000141f30000,0x00000001430b0000,0x00000001430b0000)
  from space 2944K, 0% used [0x0000000143390000,0x0000000143390000,0x0000000143670000)
  to   space 2944K, 0% used [0x00000001430b0000,0x00000001430b0000,0x0000000143390000)
 ParOldGen       total 47680K, used 0K [0x00000001135d0000, 0x0000000116460000, 0x0000000141f30000)
  object space 47680K, 0% used [0x00000001135d0000,0x00000001135d0000,0x0000000116460000)
 PSPermGen       total 21248K, used 5852K [0x000000010e3d0000, 0x000000010f890000, 0x00000001135d0000)
  object space 21248K, 27% used [0x000000010e3d0000,0x000000010e9871a0,0x000000010f890000)
Event: 0.573 GC heap after
Heap after GC invocations=1 (full 0):
 PSYoungGen      total 20864K, used 2928K [0x0000000141f30000, 0x00000001447f0000, 0x00000001593d0000)
  eden space 17920K, 0% used [0x0000000141f30000,0x0000000141f30000,0x00000001430b0000)
  from space 2944K, 99% used [0x00000001430b0000,0x000000014338c010,0x0000000143390000)
  to   space 2944K, 0% used [0x0000000144510000,0x0000000144510000,0x00000001447f0000)
 ParOldGen       total 47680K, used 2649K [0x00000001135d0000, 0x0000000116460000, 0x0000000141f30000)
  object space 47680K, 5% used [0x00000001135d0000,0x00000001138667b0,0x0000000116460000)
 PSPermGen       total 21248K, used 5852K [0x000000010e3d0000, 0x000000010f890000, 0x00000001135d0000)
  object space 21248K, 27% used [0x000000010e3d0000,0x000000010e9871a0,0x000000010f890000)
}
Event: 0.684 GC heap before
{Heap before GC invocations=2 (full 0):
 PSYoungGen      total 20864K, used 20848K [0x0000000141f30000, 0x00000001447f0000, 0x00000001593d0000)
  eden space 17920K, 100% used [0x0000000141f30000,0x00000001430b0000,0x00000001430b0000)
  from space 2944K, 99% used [0x00000001430b0000,0x000000014338c010,0x0000000143390000)
  to   space 2944K, 0% used [0x0000000144510000,0x0000000144510000,0x00000001447f0000)
 ParOldGen       total 47680K, used 2649K [0x00000001135d0000, 0x0000000116460000, 0x0000000141f30000)
  object space 47680K, 5% used [0x00000001135d0000,0x00000001138667b0,0x0000000116460000)
 PSPermGen       total 21248K, used 6285K [0x000000010e3d0000, 0x000000010f890000, 0x00000001135d0000)
  object space 21248K, 29% used [0x000000010e3d0000,0x000000010e9f3478,0x000000010f890000)
Event: 0.690 GC heap after
Heap after GC invocations=2 (full 0):
 PSYoungGen      total 38784K, used 2912K [0x0000000141f30000, 0x00000001447f0000, 0x00000001593d0000)
  eden space 35840K, 0% used [0x0000000141f30000,0x0000000141f30000,0x0000000144230000)
  from space 2944K, 98% used [0x0000000144510000,0x00000001447e8020,0x00000001447f0000)
  to   space 2944K, 0% used [0x0000000144230000,0x0000000144230000,0x0000000144510000)
 ParOldGen       total 47680K, used 4449K [0x00000001135d0000, 0x0000000116460000, 0x0000000141f30000)
  object space 47680K, 9% used [0x00000001135d0000,0x0000000113a287b0,0x0000000116460000)
 PSPermGen       total 21248K, used 6285K [0x000000010e3d0000, 0x000000010f890000, 0x00000001135d0000)
  object space 21248K, 29% used [0x000000010e3d0000,0x000000010e9f3478,0x000000010f890000)
}

Deoptimization events (9 events):
Event: 0.389 Thread 0x00007f9b42800800 Uncommon trap -34 fr.pc 0x000000010b36ba3c
Event: 0.389 Thread 0x00007f9b42800800 Uncommon trap -34 fr.pc 0x000000010b36ba3c
Event: 0.389 Thread 0x00007f9b42800800 Uncommon trap -34 fr.pc 0x000000010b36ba3c
Event: 0.389 Thread 0x00007f9b42800800 Uncommon trap -34 fr.pc 0x000000010b36ba3c
Event: 0.659 Thread 0x00007f9b42800800 Uncommon trap -83 fr.pc 0x000000010b392d98
Event: 0.839 Thread 0x00007f9b42800800 Uncommon trap -58 fr.pc 0x000000010b391640
Event: 0.839 Thread 0x00007f9b42800800 Uncommon trap -58 fr.pc 0x000000010b391640
Event: 0.840 Thread 0x00007f9b42800800 Uncommon trap -58 fr.pc 0x000000010b391640
Event: 0.840 Thread 0x00007f9b42800800 Uncommon trap -58 fr.pc 0x000000010b391640

Internal exceptions (10 events):
Event: 0.656 Thread 0x00007f9b42800800 Threw 0x0000000142ba0b78 at /HUDSON/workspace/jdk7u25-2-build-macosx-amd64-product/jdk7u25/hotspot/src/share/vm/prims/jvm.cpp:1235
Event: 0.657 Thread 0x00007f9b42800800 Threw 0x0000000142bac9a8 at /HUDSON/workspace/jdk7u25-2-build-macosx-amd64-product/jdk7u25/hotspot/src/share/vm/prims/jvm.cpp:1235
Event: 0.657 Thread 0x00007f9b42800800 Threw 0x0000000142bb2d78 at /HUDSON/workspace/jdk7u25-2-build-macosx-amd64-product/jdk7u25/hotspot/src/share/vm/prims/jvm.cpp:1235
Event: 0.657 Thread 0x00007f9b42800800 Threw 0x0000000142bb8c60 at /HUDSON/workspace/jdk7u25-2-build-macosx-amd64-product/jdk7u25/hotspot/src/share/vm/prims/jvm.cpp:1235
Event: 0.658 Thread 0x00007f9b42800800 Threw 0x0000000142bc0458 at /HUDSON/workspace/jdk7u25-2-build-macosx-amd64-product/jdk7u25/hotspot/src/share/vm/prims/jvm.cpp:1235
Event: 0.658 Thread 0x00007f9b42800800 Threw 0x0000000142bc6460 at /HUDSON/workspace/jdk7u25-2-build-macosx-amd64-product/jdk7u25/hotspot/src/share/vm/prims/jvm.cpp:1235
Event: 0.659 Thread 0x00007f9b42800800 Threw 0x0000000142bd6da0 at /HUDSON/workspace/jdk7u25-2-build-macosx-amd64-product/jdk7u25/hotspot/src/share/vm/prims/jvm.cpp:1235
Event: 0.660 Thread 0x00007f9b42800800 Threw 0x0000000142bdd5c8 at /HUDSON/workspace/jdk7u25-2-build-macosx-amd64-product/jdk7u25/hotspot/src/share/vm/prims/jvm.cpp:1235
Event: 0.661 Thread 0x00007f9b42800800 Threw 0x0000000142be3420 at /HUDSON/workspace/jdk7u25-2-build-macosx-amd64-product/jdk7u25/hotspot/src/share/vm/prims/jvm.cpp:1235
Event: 0.943 Thread 0x00007f9b42800800 Implicit null exception at 0x000000010b3b01e2 to 0x0000000000000000

Events (10 events):
Event: 0.684 Executing VM operation: ParallelGCFailedAllocation
Event: 0.690 Executing VM operation: ParallelGCFailedAllocation done
Event: 0.839 Thread 0x00007f9b42800800 DEOPT PACKING pc=0x000000010b391640 sp=0x000000010b220ca0
Event: 0.839 Thread 0x00007f9b42800800 DEOPT UNPACKING pc=0x000000010b331145 sp=0x000000010b220c48 mode 2
Event: 0.839 Thread 0x00007f9b42800800 DEOPT PACKING pc=0x000000010b391640 sp=0x000000010b220ca0
Event: 0.839 Thread 0x00007f9b42800800 DEOPT UNPACKING pc=0x000000010b331145 sp=0x000000010b220c48 mode 2
Event: 0.840 Thread 0x00007f9b42800800 DEOPT PACKING pc=0x000000010b391640 sp=0x000000010b220ca0
Event: 0.840 Thread 0x00007f9b42800800 DEOPT UNPACKING pc=0x000000010b331145 sp=0x000000010b220c48 mode 2
Event: 0.840 Thread 0x00007f9b42800800 DEOPT PACKING pc=0x000000010b391640 sp=0x000000010b220ca0
Event: 0.840 Thread 0x00007f9b42800800 DEOPT UNPACKING pc=0x000000010b331145 sp=0x000000010b220c48 mode 2


Dynamic libraries:
0x000000000291e000 	/System/Library/Frameworks/Cocoa.framework/Versions/A/Cocoa
0x000000000291e000 	/System/Library/Frameworks/Security.framework/Versions/A/Security
0x000000000291e000 	/System/Library/Frameworks/ApplicationServices.framework/Versions/A/ApplicationServices
0x000000000291e000 	/usr/lib/libz.1.dylib
0x000000000291e000 	/usr/lib/libSystem.B.dylib
0x000000000291e000 	/usr/lib/libobjc.A.dylib
0x000000000291e000 	/System/Library/Frameworks/CoreFoundation.framework/Versions/A/CoreFoundation
0x000000000291e000 	/System/Library/Frameworks/AppKit.framework/Versions/C/AppKit
0x000000000291e000 	/System/Library/Frameworks/CoreData.framework/Versions/A/CoreData
0x000000000291e000 	/System/Library/Frameworks/Foundation.framework/Versions/C/Foundation
0x000000000291e000 	/System/Library/PrivateFrameworks/RemoteViewServices.framework/Versions/A/RemoteViewServices
0x000000000291e000 	/System/Library/Frameworks/AudioToolbox.framework/Versions/A/AudioToolbox
0x000000000291e000 	/System/Library/Frameworks/AudioUnit.framework/Versions/A/AudioUnit
0x000000000291e000 	/System/Library/PrivateFrameworks/DataDetectorsCore.framework/Versions/A/DataDetectorsCore
0x000000000291e000 	/System/Library/PrivateFrameworks/DesktopServicesPriv.framework/Versions/A/DesktopServicesPriv
0x000000000291e000 	/System/Library/Frameworks/Carbon.framework/Versions/A/Frameworks/HIToolbox.framework/Versions/A/HIToolbox
0x000000000291e000 	/System/Library/Frameworks/QuartzCore.framework/Versions/A/QuartzCore
0x000000000291e000 	/System/Library/Frameworks/Carbon.framework/Versions/A/Frameworks/SpeechRecognition.framework/Versions/A/SpeechRecognition
0x000000000291e000 	/usr/lib/libauto.dylib
0x000000000291e000 	/usr/lib/libicucore.A.dylib
0x000000000291e000 	/usr/lib/libxml2.2.dylib
0x000000000291e000 	/System/Library/PrivateFrameworks/CoreUI.framework/Versions/A/CoreUI
0x000000000291e000 	/System/Library/Frameworks/CoreAudio.framework/Versions/A/CoreAudio
0x000000000291e000 	/System/Library/Frameworks/DiskArbitration.framework/Versions/A/DiskArbitration
0x000000000291e000 	/usr/lib/liblangid.dylib
0x000000000291e000 	/System/Library/PrivateFrameworks/MultitouchSupport.framework/Versions/A/MultitouchSupport
0x000000000291e000 	/System/Library/Frameworks/IOKit.framework/Versions/A/IOKit
0x000000000291e000 	/usr/lib/libDiagnosticMessagesClient.dylib
0x000000000291e000 	/System/Library/Frameworks/CoreServices.framework/Versions/A/CoreServices
0x000000000291e000 	/System/Library/PrivateFrameworks/PerformanceAnalysis.framework/Versions/A/PerformanceAnalysis
0x000000000291e000 	/System/Library/PrivateFrameworks/GenerationalStorage.framework/Versions/A/GenerationalStorage
0x000000000291e000 	/System/Library/Frameworks/OpenGL.framework/Versions/A/OpenGL
0x000000000291e000 	/System/Library/Frameworks/CoreText.framework/Versions/A/CoreText
0x000000000291e000 	/System/Library/Frameworks/ImageIO.framework/Versions/A/ImageIO
0x000000000291e000 	/System/Library/PrivateFrameworks/Backup.framework/Versions/A/Backup
0x000000000291e000 	/System/Library/Frameworks/CFNetwork.framework/Versions/A/CFNetwork
0x000000000291e000 	/System/Library/Frameworks/SystemConfiguration.framework/Versions/A/SystemConfiguration
0x000000000291e000 	/usr/lib/libCRFSuite.dylib
0x000000000291e000 	/System/Library/PrivateFrameworks/TCC.framework/Versions/A/TCC
0x000000000291e000 	/usr/lib/libc++.1.dylib
0x000000000291e000 	/usr/lib/libc++abi.dylib
0x000000000291e000 	/usr/lib/system/libcache.dylib
0x000000000291e000 	/usr/lib/system/libcommonCrypto.dylib
0x000000000291e000 	/usr/lib/system/libcompiler_rt.dylib
0x000000000291e000 	/usr/lib/system/libcopyfile.dylib
0x000000000291e000 	/usr/lib/system/libdispatch.dylib
0x000000000291e000 	/usr/lib/system/libdnsinfo.dylib
0x000000000291e000 	/usr/lib/system/libdyld.dylib
0x000000000291e000 	/usr/lib/system/libkeymgr.dylib
0x000000000291e000 	/usr/lib/system/liblaunch.dylib
0x000000000291e000 	/usr/lib/system/libmacho.dylib
0x000000000291e000 	/usr/lib/system/libquarantine.dylib
0x000000000291e000 	/usr/lib/system/libremovefile.dylib
0x000000000291e000 	/usr/lib/system/libsystem_blocks.dylib
0x000000000291e000 	/usr/lib/system/libsystem_c.dylib
0x000000000291e000 	/usr/lib/system/libsystem_dnssd.dylib
0x000000000291e000 	/usr/lib/system/libsystem_info.dylib
0x000000000291e000 	/usr/lib/system/libsystem_kernel.dylib
0x000000000291e000 	/usr/lib/system/libsystem_m.dylib
0x000000000291e000 	/usr/lib/system/libsystem_network.dylib
0x000000000291e000 	/usr/lib/system/libsystem_notify.dylib
0x000000000291e000 	/usr/lib/system/libsystem_sandbox.dylib
0x000000000291e000 	/usr/lib/system/libunc.dylib
0x000000000291e000 	/usr/lib/system/libunwind.dylib
0x000000000291e000 	/usr/lib/system/libxpc.dylib
0x000000000291e000 	/usr/lib/system/libcorecrypto.dylib
0x000000000291e000 	/usr/lib/libstdc++.6.dylib
0x000000000291e000 	/usr/lib/libbsm.0.dylib
0x000000000291e000 	/usr/lib/libsqlite3.dylib
0x000000000291e000 	/usr/lib/libxar.1.dylib
0x000000000291e000 	/usr/lib/libpam.2.dylib
0x000000000291e000 	/usr/lib/libOpenScriptingUtil.dylib
0x000000000291e000 	/usr/lib/libbz2.1.0.dylib
0x000000000291e000 	/System/Library/Frameworks/CoreServices.framework/Versions/A/Frameworks/CarbonCore.framework/Versions/A/CarbonCore
0x000000000291e000 	/System/Library/Frameworks/CoreServices.framework/Versions/A/Frameworks/Metadata.framework/Versions/A/Metadata
0x000000000291e000 	/System/Library/Frameworks/CoreServices.framework/Versions/A/Frameworks/OSServices.framework/Versions/A/OSServices
0x000000000291e000 	/System/Library/Frameworks/CoreServices.framework/Versions/A/Frameworks/SearchKit.framework/Versions/A/SearchKit
0x000000000291e000 	/System/Library/Frameworks/CoreServices.framework/Versions/A/Frameworks/AE.framework/Versions/A/AE
0x000000000291e000 	/System/Library/Frameworks/CoreServices.framework/Versions/A/Frameworks/LaunchServices.framework/Versions/A/LaunchServices
0x000000000291e000 	/System/Library/Frameworks/CoreServices.framework/Versions/A/Frameworks/DictionaryServices.framework/Versions/A/DictionaryServices
0x000000000291e000 	/System/Library/Frameworks/NetFS.framework/Versions/A/NetFS
0x000000000291e000 	/usr/lib/system/libkxld.dylib
0x000000000291e000 	/System/Library/PrivateFrameworks/NetAuth.framework/Versions/A/NetAuth
0x000000000291e000 	/System/Library/Frameworks/OpenDirectory.framework/Versions/A/Frameworks/CFOpenDirectory.framework/Versions/A/CFOpenDirectory
0x000000000291e000 	/usr/lib/libxslt.1.dylib
0x000000000291e000 	/System/Library/PrivateFrameworks/FamilyControls.framework/Versions/A/FamilyControls
0x000000000291e000 	/System/Library/Frameworks/Carbon.framework/Versions/A/Frameworks/Ink.framework/Versions/A/Ink
0x000000000291e000 	/System/Library/Frameworks/ApplicationServices.framework/Versions/A/Frameworks/CoreGraphics.framework/Versions/A/CoreGraphics
0x000000000291e000 	/System/Library/Frameworks/ApplicationServices.framework/Versions/A/Frameworks/ATS.framework/Versions/A/ATS
0x000000000291e000 	/System/Library/Frameworks/ApplicationServices.framework/Versions/A/Frameworks/ColorSync.framework/Versions/A/ColorSync
0x000000000291e000 	/System/Library/Frameworks/ApplicationServices.framework/Versions/A/Frameworks/HIServices.framework/Versions/A/HIServices
0x000000000291e000 	/System/Library/Frameworks/ApplicationServices.framework/Versions/A/Frameworks/LangAnalysis.framework/Versions/A/LangAnalysis
0x000000000291e000 	/System/Library/Frameworks/ApplicationServices.framework/Versions/A/Frameworks/PrintCore.framework/Versions/A/PrintCore
0x000000000291e000 	/System/Library/Frameworks/ApplicationServices.framework/Versions/A/Frameworks/QD.framework/Versions/A/QD
0x000000000291e000 	/System/Library/Frameworks/ApplicationServices.framework/Versions/A/Frameworks/SpeechSynthesis.framework/Versions/A/SpeechSynthesis
0x000000000291e000 	/System/Library/Frameworks/IOSurface.framework/Versions/A/IOSurface
0x000000000291e000 	/System/Library/Frameworks/Accelerate.framework/Versions/A/Accelerate
0x000000000291e000 	/System/Library/Frameworks/ApplicationServices.framework/Versions/A/Frameworks/ATS.framework/Versions/A/Resources/libFontParser.dylib
0x000000000291e000 	/System/Library/Frameworks/ApplicationServices.framework/Versions/A/Frameworks/ATS.framework/Versions/A/Resources/libFontRegistry.dylib
0x000000000291e000 	/System/Library/Frameworks/Accelerate.framework/Versions/A/Frameworks/vImage.framework/Versions/A/vImage
0x000000000291e000 	/System/Library/Frameworks/Accelerate.framework/Versions/A/Frameworks/vecLib.framework/Versions/A/vecLib
0x000000000291e000 	/System/Library/Frameworks/Accelerate.framework/Versions/A/Frameworks/vecLib.framework/Versions/A/libvDSP.dylib
0x000000000291e000 	/System/Library/Frameworks/Accelerate.framework/Versions/A/Frameworks/vecLib.framework/Versions/A/libvMisc.dylib
0x000000000291e000 	/System/Library/Frameworks/Accelerate.framework/Versions/A/Frameworks/vecLib.framework/Versions/A/libLAPACK.dylib
0x000000000291e000 	/System/Library/Frameworks/Accelerate.framework/Versions/A/Frameworks/vecLib.framework/Versions/A/libBLAS.dylib
0x000000000291e000 	/System/Library/Frameworks/ImageIO.framework/Versions/A/Resources/libJPEG.dylib
0x000000000291e000 	/System/Library/Frameworks/ImageIO.framework/Versions/A/Resources/libTIFF.dylib
0x000000000291e000 	/System/Library/Frameworks/ImageIO.framework/Versions/A/Resources/libPng.dylib
0x000000000291e000 	/System/Library/Frameworks/ImageIO.framework/Versions/A/Resources/libGIF.dylib
0x000000000291e000 	/System/Library/Frameworks/ImageIO.framework/Versions/A/Resources/libJP2.dylib
0x000000000291e000 	/System/Library/Frameworks/ImageIO.framework/Versions/A/Resources/libRadiance.dylib
0x000000000291e000 	/usr/lib/libcups.2.dylib
0x000000000291e000 	/System/Library/Frameworks/Kerberos.framework/Versions/A/Kerberos
0x000000000291e000 	/System/Library/Frameworks/GSS.framework/Versions/A/GSS
0x000000000291e000 	/usr/lib/libresolv.9.dylib
0x000000000291e000 	/usr/lib/libiconv.2.dylib
0x000000000291e000 	/System/Library/PrivateFrameworks/Heimdal.framework/Versions/A/Heimdal
0x000000000291e000 	/System/Library/PrivateFrameworks/TrustEvaluationAgent.framework/Versions/A/TrustEvaluationAgent
0x000000000291e000 	/System/Library/Frameworks/OpenDirectory.framework/Versions/A/OpenDirectory
0x000000000291e000 	/System/Library/PrivateFrameworks/CommonAuth.framework/Versions/A/CommonAuth
0x000000000291e000 	/System/Library/PrivateFrameworks/Bom.framework/Versions/A/Bom
0x000000000291e000 	/System/Library/Frameworks/CoreVideo.framework/Versions/A/CoreVideo
0x000000000291e000 	/System/Library/Frameworks/QuartzCore.framework/Versions/A/Frameworks/CoreImage.framework/Versions/A/CoreImage
0x000000000291e000 	/System/Library/Frameworks/QuartzCore.framework/Versions/A/Frameworks/ScalableUserInterface.framework/Versions/A/ScalableUserInterface
0x000000000291e000 	/System/Library/Frameworks/OpenGL.framework/Versions/A/Libraries/libGLU.dylib
0x000000000291e000 	/System/Library/Frameworks/OpenGL.framework/Versions/A/Libraries/libGFXShared.dylib
0x000000000291e000 	/System/Library/Frameworks/OpenGL.framework/Versions/A/Libraries/libGL.dylib
0x000000000291e000 	/System/Library/Frameworks/OpenGL.framework/Versions/A/Libraries/libGLImage.dylib
0x000000000291e000 	/System/Library/Frameworks/OpenGL.framework/Versions/A/Libraries/libCVMSPluginSupport.dylib
0x000000000291e000 	/System/Library/Frameworks/OpenGL.framework/Versions/A/Libraries/libCoreVMClient.dylib
0x000000000291e000 	/System/Library/PrivateFrameworks/CrashReporterSupport.framework/Versions/A/CrashReporterSupport
0x000000000291e000 	/System/Library/Frameworks/OpenCL.framework/Versions/A/OpenCL
0x000000000291e000 	/System/Library/PrivateFrameworks/FaceCoreLight.framework/Versions/A/FaceCoreLight
0x000000000291e000 	/System/Library/PrivateFrameworks/AppleFSCompression.framework/Versions/A/AppleFSCompression
0x000000000291e000 	/System/Library/PrivateFrameworks/Ubiquity.framework/Versions/A/Ubiquity
0x000000000291e000 	/System/Library/Frameworks/ServiceManagement.framework/Versions/A/ServiceManagement
0x000000000291e000 	/System/Library/PrivateFrameworks/ChunkingLibrary.framework/Versions/A/ChunkingLibrary
0x000000000291e000 	/System/Library/Frameworks/vecLib.framework/Versions/A/vecLib
0x000000000291e000 	/System/Library/Frameworks/SecurityFoundation.framework/Versions/A/SecurityFoundation
0x000000000291e000 	/System/Library/PrivateFrameworks/CommerceKit.framework/Versions/A/Frameworks/CommerceCore.framework/Versions/A/CommerceCore
0x000000000291e000 	/System/Library/PrivateFrameworks/CoreSymbolication.framework/Versions/A/CoreSymbolication
0x000000000291e000 	/System/Library/PrivateFrameworks/Symbolication.framework/Versions/A/Symbolication
0x000000000291e000 	/System/Library/PrivateFrameworks/DebugSymbols.framework/Versions/A/DebugSymbols
0x000000010a679000 	/System/Library/Java/JavaVirtualMachines/jdk1.7.0_25.jdk/Contents/Home/jre/lib/server/libjvm.dylib
0x000000010b225000 	/System/Library/Java/JavaVirtualMachines/jdk1.7.0_25.jdk/Contents/Home/jre/lib/libverify.dylib
0x000000010b232000 	/System/Library/Java/JavaVirtualMachines/jdk1.7.0_25.jdk/Contents/Home/jre/lib/libjava.dylib
0x000000010b2ef000 	/System/Library/Java/JavaVirtualMachines/jdk1.7.0_25.jdk/Contents/Home/jre/lib/libzip.dylib
0x000000015f06b000 	/System/Library/Frameworks/JavaVM.framework/Frameworks/JavaRuntimeSupport.framework/JavaRuntimeSupport
0x000000015f083000 	/System/Library/Frameworks/JavaVM.framework/Versions/A/Frameworks/JavaNativeFoundation.framework/Versions/A/JavaNativeFoundation
0x000000015f098000 	/System/Library/Frameworks/JavaVM.framework/Versions/A/JavaVM
0x000000000291e000 	/System/Library/Frameworks/Carbon.framework/Versions/A/Carbon
0x000000015f0a5000 	/System/Library/PrivateFrameworks/JavaLaunching.framework/Versions/A/JavaLaunching
0x000000000291e000 	/System/Library/Frameworks/Carbon.framework/Versions/A/Frameworks/CommonPanels.framework/Versions/A/CommonPanels
0x000000000291e000 	/System/Library/Frameworks/Carbon.framework/Versions/A/Frameworks/Help.framework/Versions/A/Help
0x000000000291e000 	/System/Library/Frameworks/Carbon.framework/Versions/A/Frameworks/ImageCapture.framework/Versions/A/ImageCapture
0x000000000291e000 	/System/Library/Frameworks/Carbon.framework/Versions/A/Frameworks/OpenScripting.framework/Versions/A/OpenScripting
0x000000000291e000 	/System/Library/Frameworks/Carbon.framework/Versions/A/Frameworks/Print.framework/Versions/A/Print
0x000000000291e000 	/System/Library/Frameworks/Carbon.framework/Versions/A/Frameworks/SecurityHI.framework/Versions/A/SecurityHI
0x000000015f70e000 	/Applications/Developers/IntelliJ IDEA 12.app/bin/libbreakgen64.jnilib
0x000000015f817000 	/System/Library/Java/JavaVirtualMachines/jdk1.7.0_25.jdk/Contents/Home/jre/lib/libnet.dylib
0x000000015ff93000 	/System/Library/Java/JavaVirtualMachines/jdk1.7.0_25.jdk/Contents/Home/jre/lib/libnio.dylib

VM Arguments:
jvm_args: -Didea.launcher.port=7532 -Didea.launcher.bin.path=/Applications/Developers/IntelliJ IDEA 12.app/bin -Dfile.encoding=UTF-8 
java_command: com.intellij.rt.execution.application.AppMain com.intellij.rt.execution.junit.JUnitStarter -ideVersion5 @/private/var/folders/cs/s9bq2vqx12b3vglrknrg98kh0000gn/T/idea_junit4021534635193560742.tmp -socket62172
Launcher Type: SUN_STANDARD

Environment Variables:
PATH=/usr/bin:/bin:/usr/sbin:/sbin
SHELL=/bin/bash
DISPLAY=/tmp/launch-gzOy5I/org.macosforge.xquartz:0

Signal Handlers:
SIGSEGV: [libjvm.dylib+0x4a820f], sa_mask[0]=0xfffefeff, sa_flags=0x00000042
SIGBUS: [libjvm.dylib+0x4a820f], sa_mask[0]=0xfffefeff, sa_flags=0x00000042
SIGFPE: [libjvm.dylib+0x3b7495], sa_mask[0]=0xfffefeff, sa_flags=0x00000042
SIGPIPE: [libjvm.dylib+0x3b7495], sa_mask[0]=0xfffefeff, sa_flags=0x00000042
SIGXFSZ: [libjvm.dylib+0x3b7495], sa_mask[0]=0xfffefeff, sa_flags=0x00000042
SIGILL: [libjvm.dylib+0x3b7495], sa_mask[0]=0xfffefeff, sa_flags=0x00000042
SIGUSR1: SIG_DFL, sa_mask[0]=0x00000000, sa_flags=0x00000002
SIGUSR2: [libjvm.dylib+0x3b702e], sa_mask[0]=0x00000004, sa_flags=0x00000042
SIGHUP: [libjvm.dylib+0x3b528f], sa_mask[0]=0xfffefeff, sa_flags=0x00000042
SIGINT: [libjvm.dylib+0x3b528f], sa_mask[0]=0xfffefeff, sa_flags=0x00000042
SIGTERM: [libjvm.dylib+0x3b528f], sa_mask[0]=0xfffefeff, sa_flags=0x00000042
SIGQUIT: [libjvm.dylib+0x3b528f], sa_mask[0]=0xfffefeff, sa_flags=0x00000042


---------------  S Y S T E M  ---------------

OS:Bsduname:Darwin 12.5.0 Darwin Kernel Version 12.5.0: Sun Sep 29 13:33:47 PDT 2013; root:xnu-2050.48.12~1/RELEASE_X86_64 x86_64
rlimit: STACK 8192k, CORE 0k, NPROC 709, NOFILE 10240, AS infinity
load average:1.42 1.43 1.42

CPU:total 8 (4 cores per cpu, 2 threads per core) family 6 model 42 stepping 7, cmov, cx8, fxsr, mmx, sse, sse2, sse3, ssse3, sse4.1, sse4.2, popcnt, avx, ht, tsc, tscinvbit

Memory: 4k page, physical 4574540k(1143635k free)

/proc/meminfo:


vm_info: Java HotSpot(TM) 64-Bit Server VM (23.25-b01) for bsd-amd64 JRE (1.7.0_25-b15), built on Jun  5 2013 22:26:36 by "java_re" with gcc 4.2.1 (Based on Apple Inc. build 5658) (LLVM build 2336.11.00)

time: Sat Oct 26 17:04:39 2013
elapsed time: 0 seconds

